[ 2017-05-06T15:57:23+08:00 ] 127.0.0.1 127.0.0.1 GET /php_11/weixing/weixin/public/index.php/home/index/index.html
[ log ] www.php.cn/php_11/weixing/weixin/public/index.php/home/index/index.html [运行时间：2.958946s][吞吐率：0.34req/s] [内存消耗：2,891.81kb] [文件加载：60]
[ info ] [ LANG ] H:\web\wifi\php_11\weixing\weixin\thinkphp\lang\zh-cn.php
[ info ] [ ROUTE ] array (
  'type' => 'module',
  'module' => 
  array (
    0 => 'home',
    1 => 'index',
    2 => 'index',
  ),
)
[ info ] [ HEADER ] array (
  'host' => 'www.php.cn',
  'user-agent' => 'Mozilla/5.0 (Windows NT 10.0; WOW64) AppleWebKit/537.36 (KHTML, like Gecko) Chrome/57.0.2987.133 Safari/537.36',
  'accept' => 'text/html,application/xhtml+xml,application/xml;q=0.9,image/webp,*/*;q=0.8',
  'accept-encoding' => 'gzip, deflate, sdch',
  'accept-language' => 'zh-CN,zh;q=0.8',
  'cookie' => 'UM_distinctid=15b9db90aa01a-05beceb20204f2-396b4e08-100200-15b9db90aa1792; pgv_pvi=2493494272; CNZZDATA1260714935=1436891691-1492996438-%7C1493800857; Hm_lvt_8cc45d54c337ca616c34b1cf747da91c=1493015593,1493102566,1493364903,1493802786',
  'proxy-connection' => 'keep-alive',
  'upgrade-insecure-requests' => '1',
)
[ info ] [ PARAM ] array (
)
[ info ] [ RUN ] app\home\controller\Index->index[ H:\web\wifi\php_11\weixing\weixin\application\home\controller\Index.php ]
[ info ] [ DB ] INIT mysql
[ info ] [ VIEW ] H:\web\wifi\php_11\weixing\weixin\public/../application/home\view\index\index.html [ array (
  0 => 'data',
) ]
[ info ] [ LOG ] INIT File
[ sql ] [ DB ] CONNECT:[ UseTime:1.238192s ] mysql:dbname=weixin;host=localhost;port=3306;charset=utf8
[ sql ] [ SQL ] SHOW COLUMNS FROM `product` [ RunTime:0.220809s ]
[ sql ] [ SQL ] SELECT * FROM `product` INNER JOIN `type` `type` ON `product`.`tid`=`type`.`tid` [ RunTime:0.083110s ]
[ sql ] [ SQL ] SHOW COLUMNS FROM `look` [ RunTime:0.081803s ]
[ sql ] [ SQL ] SELECT * FROM `look` WHERE  `pid` = 11 [ RunTime:0.000530s ]
[ sql ] [ SQL ] SHOW COLUMNS FROM `zan` [ RunTime:0.161246s ]
[ sql ] [ SQL ] SELECT * FROM `zan` WHERE  `man` = '赵小喜' [ RunTime:0.017725s ]
[ sql ] [ SQL ] SHOW COLUMNS FROM `comment` [ RunTime:0.051507s ]
[ sql ] [ SQL ] SELECT * FROM `comment` WHERE  `pid` = 11 [ RunTime:0.001434s ]
[ sql ] [ SQL ] SELECT * FROM `look` WHERE  `pid` = 12 [ RunTime:0.000993s ]
[ sql ] [ SQL ] SELECT * FROM `zan` WHERE  `man` = '热顿' [ RunTime:0.001041s ]
[ sql ] [ SQL ] SELECT * FROM `comment` WHERE  `pid` = 12 [ RunTime:0.001067s ]
[ sql ] [ SQL ] SELECT * FROM `look` WHERE  `pid` = 13 [ RunTime:0.000834s ]
[ sql ] [ SQL ] SELECT * FROM `zan` WHERE  `man` = '赵小喜' [ RunTime:0.000874s ]
[ sql ] [ SQL ] SELECT * FROM `comment` WHERE  `pid` = 13 [ RunTime:0.000992s ]
[ sql ] [ SQL ] SELECT * FROM `look` WHERE  `pid` = 2 [ RunTime:0.000876s ]
[ sql ] [ SQL ] SELECT * FROM `zan` WHERE  `man` = '刘佳' [ RunTime:0.000865s ]
[ sql ] [ SQL ] SELECT * FROM `comment` WHERE  `pid` = 2 [ RunTime:0.000942s ]
[ sql ] [ SQL ] SELECT * FROM `look` WHERE  `pid` = 5 [ RunTime:0.000864s ]
[ sql ] [ SQL ] SELECT * FROM `zan` WHERE  `man` = '热顿' [ RunTime:0.000904s ]
[ sql ] [ SQL ] SELECT * FROM `comment` WHERE  `pid` = 5 [ RunTime:0.000935s ]
[ sql ] [ SQL ] SELECT * FROM `look` WHERE  `pid` = 6 [ RunTime:0.000941s ]
[ sql ] [ SQL ] SELECT * FROM `zan` WHERE  `man` = '赵小喜' [ RunTime:0.001033s ]
[ sql ] [ SQL ] SELECT * FROM `comment` WHERE  `pid` = 6 [ RunTime:0.001556s ]
[ sql ] [ SQL ] SELECT * FROM `look` WHERE  `pid` = 9 [ RunTime:0.000917s ]
[ sql ] [ SQL ] SELECT * FROM `zan` WHERE  `man` = '刘佳' [ RunTime:0.000939s ]
[ sql ] [ SQL ] SELECT * FROM `comment` WHERE  `pid` = 9 [ RunTime:0.000887s ]
[ sql ] [ SQL ] SELECT * FROM `look` WHERE  `pid` = 7 [ RunTime:0.000566s ]
[ sql ] [ SQL ] SELECT * FROM `zan` WHERE  `man` = '热顿' [ RunTime:0.000569s ]
[ sql ] [ SQL ] SELECT * FROM `comment` WHERE  `pid` = 7 [ RunTime:0.000598s ]
[ sql ] [ SQL ] SELECT * FROM `look` WHERE  `pid` = 8 [ RunTime:0.000559s ]
[ sql ] [ SQL ] SELECT * FROM `zan` WHERE  `man` = '赵小喜' [ RunTime:0.000556s ]
[ sql ] [ SQL ] SELECT * FROM `comment` WHERE  `pid` = 8 [ RunTime:0.000606s ]
[ sql ] [ SQL ] SHOW COLUMNS FROM `type` [ RunTime:0.053874s ]
[ sql ] [ SQL ] SELECT * FROM `type` [ RunTime:0.001370s ]

---------------------------------------------------------------
