[ 2017-05-08T10:59:23+08:00 ] 127.0.0.1 127.0.0.1 GET /php_11/weixing/weixin/public/
[ log ] qq.cn/php_11/weixing/weixin/public/ [运行时间：0.352476s][吞吐率：2.84req/s] [内存消耗：1,359.38kb] [文件加载：38]
[ info ] [ LANG ] H:\web\wifi\php_11\weixing\weixin\thinkphp\lang\zh-cn.php
[ info ] [ ROUTE ] array (
  'type' => 'module',
  'module' => 
  array (
    0 => '',
    1 => NULL,
    2 => NULL,
  ),
)
[ info ] [ HEADER ] array (
  'host' => 'qq.cn',
  'connection' => 'keep-alive',
  'upgrade-insecure-requests' => '1',
  'user-agent' => 'Mozilla/5.0 (Windows NT 10.0; WOW64) AppleWebKit/537.36 (KHTML, like Gecko) Chrome/57.0.2987.133 Safari/537.36',
  'accept' => 'text/html,application/xhtml+xml,application/xml;q=0.9,image/webp,*/*;q=0.8',
  'referer' => 'http://qq.cn/php_11/weixing/weixin/',
  'accept-encoding' => 'gzip, deflate, sdch',
  'accept-language' => 'zh-CN,zh;q=0.8',
  'cookie' => 'pgv_pvi=3171427328; Hm_lvt_91c9613acf14840c5b88007112a0878f=1493780131,1493895954; pgv_si=s4778327040; PHPSESSID=8j6su7q3883pkg8rafrjolaop6',
)
[ info ] [ PARAM ] array (
)
[ info ] [ RUN ] app\index\controller\Index->index[ H:\web\wifi\php_11\weixing\weixin\application\index\controller\Index.php ]
[ info ] [ LOG ] INIT File

---------------------------------------------------------------
[ 2017-05-08T10:59:28+08:00 ] 127.0.0.1 127.0.0.1 GET /php_11/weixing/weixin/public/index.php/home/index/detail?id=11
[ log ] qq.cn/php_11/weixing/weixin/public/index.php/home/index/detail?id=11 [运行时间：1.443126s][吞吐率：0.69req/s] [内存消耗：2,833.81kb] [文件加载：58]
[ info ] [ LANG ] H:\web\wifi\php_11\weixing\weixin\thinkphp\lang\zh-cn.php
[ info ] [ ROUTE ] array (
  'type' => 'module',
  'module' => 
  array (
    0 => 'home',
    1 => 'index',
    2 => 'detail',
  ),
)
[ info ] [ HEADER ] array (
  'host' => 'qq.cn',
  'connection' => 'keep-alive',
  'upgrade-insecure-requests' => '1',
  'user-agent' => 'Mozilla/5.0 (Windows NT 10.0; WOW64) AppleWebKit/537.36 (KHTML, like Gecko) Chrome/57.0.2987.133 Safari/537.36',
  'accept' => 'text/html,application/xhtml+xml,application/xml;q=0.9,image/webp,*/*;q=0.8',
  'accept-encoding' => 'gzip, deflate, sdch',
  'accept-language' => 'zh-CN,zh;q=0.8',
  'cookie' => 'pgv_pvi=3171427328; Hm_lvt_91c9613acf14840c5b88007112a0878f=1493780131,1493895954; pgv_si=s4778327040; PHPSESSID=8j6su7q3883pkg8rafrjolaop6',
)
[ info ] [ PARAM ] array (
  'id' => '11',
)
[ info ] [ RUN ] app\home\controller\Index->detail[ H:\web\wifi\php_11\weixing\weixin\application\home\controller\Index.php ]
[ info ] [ SESSION ] INIT array (
  'id' => '',
  'var_session_id' => '',
  'prefix' => 'think',
  'type' => '',
  'auto_start' => true,
)
[ info ] [ DB ] INIT mysql
[ info ] [ VIEW ] H:\web\wifi\php_11\weixing\weixin\public/../application/home\view\index\detail.html [ array (
  0 => 'arr',
  1 => 'data',
) ]
[ info ] [ LOG ] INIT File
[ sql ] [ DB ] CONNECT:[ UseTime:1.009449s ] mysql:dbname=weixin;host=localhost;port=3306;charset=utf8
[ sql ] [ SQL ] SHOW COLUMNS FROM `product` [ RunTime:0.033143s ]
[ sql ] [ SQL ] SELECT * FROM `product` INNER JOIN `type` `type` ON `product`.`tid`=`type`.`tid` WHERE  `product`.`id` = '11' LIMIT 1 [ RunTime:0.002026s ]
[ sql ] [ SQL ] SHOW COLUMNS FROM `zan` [ RunTime:0.021037s ]
[ sql ] [ SQL ] SELECT * FROM `zan` WHERE  `man` = '赵小喜' [ RunTime:0.001181s ]
[ sql ] [ SQL ] SELECT * FROM `zan` WHERE  `man` = '赵小喜'  AND `uid` = 0 LIMIT 1 [ RunTime:0.000650s ]
[ sql ] [ SQL ] SHOW COLUMNS FROM `look` [ RunTime:0.009659s ]
[ sql ] [ SQL ] SELECT * FROM `look` WHERE  `uid` = 0 LIMIT 1 [ RunTime:0.000565s ]
[ sql ] [ SQL ] SELECT * FROM `look` WHERE  `pid` = 11 [ RunTime:0.000522s ]
[ sql ] [ SQL ] select * from comment inner join `user` on `comment`.`uid` = `user`.`id` where `comment`.`pid`=11 [ RunTime:0.000620s ]

---------------------------------------------------------------
[ 2017-05-08T11:01:20+08:00 ] 127.0.0.1 127.0.0.1 GET /php_11/weixing/weixin/public/index.php/home/index/detail?id=11%27
[ log ] qq.cn/php_11/weixing/weixin/public/index.php/home/index/detail?id=11%27 [运行时间：1.325229s][吞吐率：0.75req/s] [内存消耗：2,778.73kb] [文件加载：60]
[ info ] [ LANG ] H:\web\wifi\php_11\weixing\weixin\thinkphp\lang\zh-cn.php
[ info ] [ ROUTE ] array (
  'type' => 'module',
  'module' => 
  array (
    0 => 'home',
    1 => 'index',
    2 => 'detail',
  ),
)
[ info ] [ HEADER ] array (
  'host' => 'qq.cn',
  'connection' => 'keep-alive',
  'upgrade-insecure-requests' => '1',
  'user-agent' => 'Mozilla/5.0 (Windows NT 10.0; WOW64) AppleWebKit/537.36 (KHTML, like Gecko) Chrome/57.0.2987.133 Safari/537.36',
  'accept' => 'text/html,application/xhtml+xml,application/xml;q=0.9,image/webp,*/*;q=0.8',
  'accept-encoding' => 'gzip, deflate, sdch',
  'accept-language' => 'zh-CN,zh;q=0.8',
  'cookie' => 'pgv_pvi=3171427328; Hm_lvt_91c9613acf14840c5b88007112a0878f=1493780131,1493895954; pgv_si=s4778327040; PHPSESSID=8j6su7q3883pkg8rafrjolaop6',
)
[ info ] [ PARAM ] array (
  'id' => '11\'',
)
[ info ] [ RUN ] app\home\controller\Index->detail[ H:\web\wifi\php_11\weixing\weixin\application\home\controller\Index.php ]
[ info ] [ SESSION ] INIT array (
  'id' => '',
  'var_session_id' => '',
  'prefix' => 'think',
  'type' => '',
  'auto_start' => true,
)
[ info ] [ DB ] INIT mysql
[ info ] [ LOG ] INIT File
[ sql ] [ DB ] CONNECT:[ UseTime:1.010267s ] mysql:dbname=weixin;host=localhost;port=3306;charset=utf8
[ sql ] [ SQL ] SHOW COLUMNS FROM `product` [ RunTime:0.036475s ]
[ sql ] [ SQL ] SELECT * FROM `product` INNER JOIN `type` `type` ON `product`.`tid`=`type`.`tid` WHERE  `product`.`id` = '11\'' LIMIT 1 [ RunTime:0.067094s ]
[ sql ] [ SQL ] SHOW COLUMNS FROM `zan` [ RunTime:0.022226s ]
[ sql ] [ SQL ] SELECT * FROM `zan` WHERE  `man` = '赵小喜' [ RunTime:0.001162s ]
[ sql ] [ SQL ] SELECT * FROM `zan` WHERE  `man` = '赵小喜'  AND `uid` = 0 LIMIT 1 [ RunTime:0.001250s ]
[ sql ] [ SQL ] SHOW COLUMNS FROM `look` [ RunTime:0.022081s ]
[ sql ] [ SQL ] SELECT * FROM `look` WHERE  `uid` = 0 LIMIT 1 [ RunTime:0.000876s ]
[ sql ] [ SQL ] SELECT * FROM `look` WHERE  `pid` = 11 [ RunTime:0.000666s ]
[ error ] [10501]SQLSTATE[42000]: Syntax error or access violation: 1064 You have an error in your SQL syntax; check the manual that corresponds to your MySQL server version for the right syntax to use near ''' at line 1[H:\web\wifi\php_11\weixing\weixin\thinkphp\library\think\db\Connection.php:383]

---------------------------------------------------------------
[ 2017-05-08T11:03:31+08:00 ] 127.0.0.1 127.0.0.1 GET /php_11/weixing/weixin/public/index.php/home/index/detail?id=1%27
[ log ] qq.cn/php_11/weixing/weixin/public/index.php/home/index/detail?id=1%27 [运行时间：1.106469s][吞吐率：0.90req/s] [内存消耗：2,752.34kb] [文件加载：58]
[ info ] [ LANG ] H:\web\wifi\php_11\weixing\weixin\thinkphp\lang\zh-cn.php
[ info ] [ ROUTE ] array (
  'type' => 'module',
  'module' => 
  array (
    0 => 'home',
    1 => 'index',
    2 => 'detail',
  ),
)
[ info ] [ HEADER ] array (
  'host' => 'qq.cn',
  'connection' => 'keep-alive',
  'upgrade-insecure-requests' => '1',
  'user-agent' => 'Mozilla/5.0 (Windows NT 10.0; WOW64) AppleWebKit/537.36 (KHTML, like Gecko) Chrome/57.0.2987.133 Safari/537.36',
  'accept' => 'text/html,application/xhtml+xml,application/xml;q=0.9,image/webp,*/*;q=0.8',
  'accept-encoding' => 'gzip, deflate, sdch',
  'accept-language' => 'zh-CN,zh;q=0.8',
  'cookie' => 'pgv_pvi=3171427328; Hm_lvt_91c9613acf14840c5b88007112a0878f=1493780131,1493895954; pgv_si=s4778327040; PHPSESSID=8j6su7q3883pkg8rafrjolaop6',
)
[ info ] [ PARAM ] array (
  'id' => '1\'',
)
[ info ] [ RUN ] app\home\controller\Index->detail[ H:\web\wifi\php_11\weixing\weixin\application\home\controller\Index.php ]
[ info ] [ SESSION ] INIT array (
  'id' => '',
  'var_session_id' => '',
  'prefix' => 'think',
  'type' => '',
  'auto_start' => true,
)
[ info ] [ DB ] INIT mysql
[ info ] [ LOG ] INIT File
[ sql ] [ DB ] CONNECT:[ UseTime:1.006961s ] mysql:dbname=weixin;host=localhost;port=3306;charset=utf8
[ sql ] [ SQL ] SHOW COLUMNS FROM `product` [ RunTime:0.024144s ]
[ sql ] [ SQL ] SELECT * FROM `product` INNER JOIN `type` `type` ON `product`.`tid`=`type`.`tid` WHERE  `product`.`id` = '1\'' LIMIT 1 [ RunTime:0.000950s ]
[ sql ] [ SQL ] SHOW COLUMNS FROM `look` [ RunTime:0.013027s ]
[ sql ] [ SQL ] SELECT * FROM `look` WHERE  `pid` = 1 [ RunTime:0.000558s ]
[ error ] [8]未定义变量: zan_count[H:\web\wifi\php_11\weixing\weixin\application\home\controller\Index.php:113]

---------------------------------------------------------------
[ 2017-05-08T11:04:05+08:00 ] 127.0.0.1 127.0.0.1 GET /php_11/weixing/weixin/public/index.php/home/index/detail?id=1%20and%201=1
[ log ] qq.cn/php_11/weixing/weixin/public/index.php/home/index/detail?id=1%20and%201=1 [运行时间：1.120495s][吞吐率：0.89req/s] [内存消耗：2,752.41kb] [文件加载：58]
[ info ] [ LANG ] H:\web\wifi\php_11\weixing\weixin\thinkphp\lang\zh-cn.php
[ info ] [ ROUTE ] array (
  'type' => 'module',
  'module' => 
  array (
    0 => 'home',
    1 => 'index',
    2 => 'detail',
  ),
)
[ info ] [ HEADER ] array (
  'host' => 'qq.cn',
  'connection' => 'keep-alive',
  'upgrade-insecure-requests' => '1',
  'user-agent' => 'Mozilla/5.0 (Windows NT 10.0; WOW64) AppleWebKit/537.36 (KHTML, like Gecko) Chrome/57.0.2987.133 Safari/537.36',
  'accept' => 'text/html,application/xhtml+xml,application/xml;q=0.9,image/webp,*/*;q=0.8',
  'accept-encoding' => 'gzip, deflate, sdch',
  'accept-language' => 'zh-CN,zh;q=0.8',
  'cookie' => 'pgv_pvi=3171427328; Hm_lvt_91c9613acf14840c5b88007112a0878f=1493780131,1493895954; pgv_si=s4778327040; PHPSESSID=8j6su7q3883pkg8rafrjolaop6',
)
[ info ] [ PARAM ] array (
  'id' => '1 and 1=1',
)
[ info ] [ RUN ] app\home\controller\Index->detail[ H:\web\wifi\php_11\weixing\weixin\application\home\controller\Index.php ]
[ info ] [ SESSION ] INIT array (
  'id' => '',
  'var_session_id' => '',
  'prefix' => 'think',
  'type' => '',
  'auto_start' => true,
)
[ info ] [ DB ] INIT mysql
[ info ] [ LOG ] INIT File
[ sql ] [ DB ] CONNECT:[ UseTime:1.008347s ] mysql:dbname=weixin;host=localhost;port=3306;charset=utf8
[ sql ] [ SQL ] SHOW COLUMNS FROM `product` [ RunTime:0.036424s ]
[ sql ] [ SQL ] SELECT * FROM `product` INNER JOIN `type` `type` ON `product`.`tid`=`type`.`tid` WHERE  `product`.`id` = '1 and 1=1' LIMIT 1 [ RunTime:0.001529s ]
[ sql ] [ SQL ] SHOW COLUMNS FROM `look` [ RunTime:0.013670s ]
[ sql ] [ SQL ] SELECT * FROM `look` WHERE  `pid` = 1 [ RunTime:0.000752s ]
[ error ] [8]未定义变量: zan_count[H:\web\wifi\php_11\weixing\weixin\application\home\controller\Index.php:113]

---------------------------------------------------------------
[ 2017-05-08T11:04:27+08:00 ] 127.0.0.1 127.0.0.1 GET /php_11/weixing/weixin/public/index.php/home/index/detail?id=11
[ log ] qq.cn/php_11/weixing/weixin/public/index.php/home/index/detail?id=11 [运行时间：1.156134s][吞吐率：0.86req/s] [内存消耗：2,833.81kb] [文件加载：58]
[ info ] [ LANG ] H:\web\wifi\php_11\weixing\weixin\thinkphp\lang\zh-cn.php
[ info ] [ ROUTE ] array (
  'type' => 'module',
  'module' => 
  array (
    0 => 'home',
    1 => 'index',
    2 => 'detail',
  ),
)
[ info ] [ HEADER ] array (
  'host' => 'qq.cn',
  'connection' => 'keep-alive',
  'upgrade-insecure-requests' => '1',
  'user-agent' => 'Mozilla/5.0 (Windows NT 10.0; WOW64) AppleWebKit/537.36 (KHTML, like Gecko) Chrome/57.0.2987.133 Safari/537.36',
  'accept' => 'text/html,application/xhtml+xml,application/xml;q=0.9,image/webp,*/*;q=0.8',
  'accept-encoding' => 'gzip, deflate, sdch',
  'accept-language' => 'zh-CN,zh;q=0.8',
  'cookie' => 'pgv_pvi=3171427328; Hm_lvt_91c9613acf14840c5b88007112a0878f=1493780131,1493895954; pgv_si=s4778327040; PHPSESSID=8j6su7q3883pkg8rafrjolaop6',
)
[ info ] [ PARAM ] array (
  'id' => '11',
)
[ info ] [ RUN ] app\home\controller\Index->detail[ H:\web\wifi\php_11\weixing\weixin\application\home\controller\Index.php ]
[ info ] [ SESSION ] INIT array (
  'id' => '',
  'var_session_id' => '',
  'prefix' => 'think',
  'type' => '',
  'auto_start' => true,
)
[ info ] [ DB ] INIT mysql
[ info ] [ VIEW ] H:\web\wifi\php_11\weixing\weixin\public/../application/home\view\index\detail.html [ array (
  0 => 'arr',
  1 => 'data',
) ]
[ info ] [ LOG ] INIT File
[ sql ] [ DB ] CONNECT:[ UseTime:1.009238s ] mysql:dbname=weixin;host=localhost;port=3306;charset=utf8
[ sql ] [ SQL ] SHOW COLUMNS FROM `product` [ RunTime:0.023048s ]
[ sql ] [ SQL ] SELECT * FROM `product` INNER JOIN `type` `type` ON `product`.`tid`=`type`.`tid` WHERE  `product`.`id` = '11' LIMIT 1 [ RunTime:0.002408s ]
[ sql ] [ SQL ] SHOW COLUMNS FROM `zan` [ RunTime:0.023837s ]
[ sql ] [ SQL ] SELECT * FROM `zan` WHERE  `man` = '赵小喜' [ RunTime:0.001226s ]
[ sql ] [ SQL ] SELECT * FROM `zan` WHERE  `man` = '赵小喜'  AND `uid` = 0 LIMIT 1 [ RunTime:0.001382s ]
[ sql ] [ SQL ] SHOW COLUMNS FROM `look` [ RunTime:0.021956s ]
[ sql ] [ SQL ] SELECT * FROM `look` WHERE  `uid` = 0 LIMIT 1 [ RunTime:0.001530s ]
[ sql ] [ SQL ] SELECT * FROM `look` WHERE  `pid` = 11 [ RunTime:0.001152s ]
[ sql ] [ SQL ] select * from comment inner join `user` on `comment`.`uid` = `user`.`id` where `comment`.`pid`=11 [ RunTime:0.001412s ]

---------------------------------------------------------------
[ 2017-05-08T11:04:28+08:00 ] 127.0.0.1 127.0.0.1 GET /php_11/weixing/weixin/public/index.php/home/index/detail?id=11
[ log ] qq.cn/php_11/weixing/weixin/public/index.php/home/index/detail?id=11 [运行时间：2.086989s][吞吐率：0.48req/s] [内存消耗：2,833.81kb] [文件加载：58]
[ info ] [ LANG ] H:\web\wifi\php_11\weixing\weixin\thinkphp\lang\zh-cn.php
[ info ] [ ROUTE ] array (
  'type' => 'module',
  'module' => 
  array (
    0 => 'home',
    1 => 'index',
    2 => 'detail',
  ),
)
[ info ] [ HEADER ] array (
  'host' => 'qq.cn',
  'connection' => 'keep-alive',
  'upgrade-insecure-requests' => '1',
  'user-agent' => 'Mozilla/5.0 (Windows NT 10.0; WOW64) AppleWebKit/537.36 (KHTML, like Gecko) Chrome/57.0.2987.133 Safari/537.36',
  'accept' => 'text/html,application/xhtml+xml,application/xml;q=0.9,image/webp,*/*;q=0.8',
  'accept-encoding' => 'gzip, deflate, sdch',
  'accept-language' => 'zh-CN,zh;q=0.8',
  'cookie' => 'pgv_pvi=3171427328; Hm_lvt_91c9613acf14840c5b88007112a0878f=1493780131,1493895954; pgv_si=s4778327040; PHPSESSID=8j6su7q3883pkg8rafrjolaop6',
)
[ info ] [ PARAM ] array (
  'id' => '11',
)
[ info ] [ RUN ] app\home\controller\Index->detail[ H:\web\wifi\php_11\weixing\weixin\application\home\controller\Index.php ]
[ info ] [ SESSION ] INIT array (
  'id' => '',
  'var_session_id' => '',
  'prefix' => 'think',
  'type' => '',
  'auto_start' => true,
)
[ info ] [ DB ] INIT mysql
[ info ] [ VIEW ] H:\web\wifi\php_11\weixing\weixin\public/../application/home\view\index\detail.html [ array (
  0 => 'arr',
  1 => 'data',
) ]
[ info ] [ LOG ] INIT File
[ sql ] [ DB ] CONNECT:[ UseTime:1.010974s ] mysql:dbname=weixin;host=localhost;port=3306;charset=utf8
[ sql ] [ SQL ] SHOW COLUMNS FROM `product` [ RunTime:0.026395s ]
[ sql ] [ SQL ] SELECT * FROM `product` INNER JOIN `type` `type` ON `product`.`tid`=`type`.`tid` WHERE  `product`.`id` = '11' LIMIT 1 [ RunTime:0.001067s ]
[ sql ] [ SQL ] SHOW COLUMNS FROM `zan` [ RunTime:0.013649s ]
[ sql ] [ SQL ] SELECT * FROM `zan` WHERE  `man` = '赵小喜' [ RunTime:0.000496s ]
[ sql ] [ SQL ] SELECT * FROM `zan` WHERE  `man` = '赵小喜'  AND `uid` = 0 LIMIT 1 [ RunTime:0.000593s ]
[ sql ] [ SQL ] SHOW COLUMNS FROM `look` [ RunTime:0.009758s ]
[ sql ] [ SQL ] SELECT * FROM `look` WHERE  `uid` = 0 LIMIT 1 [ RunTime:0.000536s ]
[ sql ] [ SQL ] SELECT * FROM `look` WHERE  `pid` = 11 [ RunTime:0.000416s ]
[ sql ] [ SQL ] select * from comment inner join `user` on `comment`.`uid` = `user`.`id` where `comment`.`pid`=11 [ RunTime:0.000433s ]

---------------------------------------------------------------
[ 2017-05-08T11:04:37+08:00 ] 127.0.0.1 127.0.0.1 GET /php_11/weixing/weixin/public/index.php/home/index/detail?id=11%20and%201=1
[ log ] qq.cn/php_11/weixing/weixin/public/index.php/home/index/detail?id=11%20and%201=1 [运行时间：1.153406s][吞吐率：0.87req/s] [内存消耗：2,833.80kb] [文件加载：58]
[ info ] [ LANG ] H:\web\wifi\php_11\weixing\weixin\thinkphp\lang\zh-cn.php
[ info ] [ ROUTE ] array (
  'type' => 'module',
  'module' => 
  array (
    0 => 'home',
    1 => 'index',
    2 => 'detail',
  ),
)
[ info ] [ HEADER ] array (
  'host' => 'qq.cn',
  'connection' => 'keep-alive',
  'upgrade-insecure-requests' => '1',
  'user-agent' => 'Mozilla/5.0 (Windows NT 10.0; WOW64) AppleWebKit/537.36 (KHTML, like Gecko) Chrome/57.0.2987.133 Safari/537.36',
  'accept' => 'text/html,application/xhtml+xml,application/xml;q=0.9,image/webp,*/*;q=0.8',
  'accept-encoding' => 'gzip, deflate, sdch',
  'accept-language' => 'zh-CN,zh;q=0.8',
  'cookie' => 'pgv_pvi=3171427328; Hm_lvt_91c9613acf14840c5b88007112a0878f=1493780131,1493895954; pgv_si=s4778327040; PHPSESSID=8j6su7q3883pkg8rafrjolaop6',
)
[ info ] [ PARAM ] array (
  'id' => '11 and 1=1',
)
[ info ] [ RUN ] app\home\controller\Index->detail[ H:\web\wifi\php_11\weixing\weixin\application\home\controller\Index.php ]
[ info ] [ SESSION ] INIT array (
  'id' => '',
  'var_session_id' => '',
  'prefix' => 'think',
  'type' => '',
  'auto_start' => true,
)
[ info ] [ DB ] INIT mysql
[ info ] [ VIEW ] H:\web\wifi\php_11\weixing\weixin\public/../application/home\view\index\detail.html [ array (
  0 => 'arr',
  1 => 'data',
) ]
[ info ] [ LOG ] INIT File
[ sql ] [ DB ] CONNECT:[ UseTime:1.004948s ] mysql:dbname=weixin;host=localhost;port=3306;charset=utf8
[ sql ] [ SQL ] SHOW COLUMNS FROM `product` [ RunTime:0.030953s ]
[ sql ] [ SQL ] SELECT * FROM `product` INNER JOIN `type` `type` ON `product`.`tid`=`type`.`tid` WHERE  `product`.`id` = '11 and 1=1' LIMIT 1 [ RunTime:0.001680s ]
[ sql ] [ SQL ] SHOW COLUMNS FROM `zan` [ RunTime:0.025316s ]
[ sql ] [ SQL ] SELECT * FROM `zan` WHERE  `man` = '赵小喜' [ RunTime:0.001256s ]
[ sql ] [ SQL ] SELECT * FROM `zan` WHERE  `man` = '赵小喜'  AND `uid` = 0 LIMIT 1 [ RunTime:0.000827s ]
[ sql ] [ SQL ] SHOW COLUMNS FROM `look` [ RunTime:0.013887s ]
[ sql ] [ SQL ] SELECT * FROM `look` WHERE  `uid` = 0 LIMIT 1 [ RunTime:0.000750s ]
[ sql ] [ SQL ] SELECT * FROM `look` WHERE  `pid` = 11 [ RunTime:0.000888s ]
[ sql ] [ SQL ] select * from comment inner join `user` on `comment`.`uid` = `user`.`id` where `comment`.`pid`=11 and 1=1 [ RunTime:0.000912s ]

---------------------------------------------------------------
[ 2017-05-08T11:14:31+08:00 ] 127.0.0.1 127.0.0.1 GET /php_11/weixing/weixin/public/index.php/home/index/detail?id=11%20and%201=2
[ log ] qq.cn/php_11/weixing/weixin/public/index.php/home/index/detail?id=11%20and%201=2 [运行时间：1.169044s][吞吐率：0.86req/s] [内存消耗：2,833.80kb] [文件加载：58]
[ info ] [ LANG ] H:\web\wifi\php_11\weixing\weixin\thinkphp\lang\zh-cn.php
[ info ] [ ROUTE ] array (
  'type' => 'module',
  'module' => 
  array (
    0 => 'home',
    1 => 'index',
    2 => 'detail',
  ),
)
[ info ] [ HEADER ] array (
  'host' => 'qq.cn',
  'connection' => 'keep-alive',
  'upgrade-insecure-requests' => '1',
  'user-agent' => 'Mozilla/5.0 (Windows NT 10.0; WOW64) AppleWebKit/537.36 (KHTML, like Gecko) Chrome/57.0.2987.133 Safari/537.36',
  'accept' => 'text/html,application/xhtml+xml,application/xml;q=0.9,image/webp,*/*;q=0.8',
  'accept-encoding' => 'gzip, deflate, sdch',
  'accept-language' => 'zh-CN,zh;q=0.8',
  'cookie' => 'pgv_pvi=3171427328; Hm_lvt_91c9613acf14840c5b88007112a0878f=1493780131,1493895954; pgv_si=s4778327040; PHPSESSID=8j6su7q3883pkg8rafrjolaop6',
)
[ info ] [ PARAM ] array (
  'id' => '11 and 1=2',
)
[ info ] [ RUN ] app\home\controller\Index->detail[ H:\web\wifi\php_11\weixing\weixin\application\home\controller\Index.php ]
[ info ] [ SESSION ] INIT array (
  'id' => '',
  'var_session_id' => '',
  'prefix' => 'think',
  'type' => '',
  'auto_start' => true,
)
[ info ] [ DB ] INIT mysql
[ info ] [ VIEW ] H:\web\wifi\php_11\weixing\weixin\public/../application/home\view\index\detail.html [ array (
  0 => 'arr',
  1 => 'data',
) ]
[ info ] [ LOG ] INIT File
[ sql ] [ DB ] CONNECT:[ UseTime:1.009925s ] mysql:dbname=weixin;host=localhost;port=3306;charset=utf8
[ sql ] [ SQL ] SHOW COLUMNS FROM `product` [ RunTime:0.034726s ]
[ sql ] [ SQL ] SELECT * FROM `product` INNER JOIN `type` `type` ON `product`.`tid`=`type`.`tid` WHERE  `product`.`id` = '11 and 1=2' LIMIT 1 [ RunTime:0.005026s ]
[ sql ] [ SQL ] SHOW COLUMNS FROM `zan` [ RunTime:0.024064s ]
[ sql ] [ SQL ] SELECT * FROM `zan` WHERE  `man` = '赵小喜' [ RunTime:0.001492s ]
[ sql ] [ SQL ] SELECT * FROM `zan` WHERE  `man` = '赵小喜'  AND `uid` = 0 LIMIT 1 [ RunTime:0.001203s ]
[ sql ] [ SQL ] SHOW COLUMNS FROM `look` [ RunTime:0.023811s ]
[ sql ] [ SQL ] SELECT * FROM `look` WHERE  `uid` = 0 LIMIT 1 [ RunTime:0.000729s ]
[ sql ] [ SQL ] SELECT * FROM `look` WHERE  `pid` = 11 [ RunTime:0.000600s ]
[ sql ] [ SQL ] select * from comment inner join `user` on `comment`.`uid` = `user`.`id` where `comment`.`pid`=11 and 1=2 [ RunTime:0.002899s ]

---------------------------------------------------------------
[ 2017-05-08T11:14:38+08:00 ] 127.0.0.1 127.0.0.1 GET /php_11/weixing/weixin/public/index.php/home/index/detail?id=11
[ log ] qq.cn/php_11/weixing/weixin/public/index.php/home/index/detail?id=11 [运行时间：1.121006s][吞吐率：0.89req/s] [内存消耗：2,833.81kb] [文件加载：58]
[ info ] [ LANG ] H:\web\wifi\php_11\weixing\weixin\thinkphp\lang\zh-cn.php
[ info ] [ ROUTE ] array (
  'type' => 'module',
  'module' => 
  array (
    0 => 'home',
    1 => 'index',
    2 => 'detail',
  ),
)
[ info ] [ HEADER ] array (
  'host' => 'qq.cn',
  'connection' => 'keep-alive',
  'upgrade-insecure-requests' => '1',
  'user-agent' => 'Mozilla/5.0 (Windows NT 10.0; WOW64) AppleWebKit/537.36 (KHTML, like Gecko) Chrome/57.0.2987.133 Safari/537.36',
  'accept' => 'text/html,application/xhtml+xml,application/xml;q=0.9,image/webp,*/*;q=0.8',
  'accept-encoding' => 'gzip, deflate, sdch',
  'accept-language' => 'zh-CN,zh;q=0.8',
  'cookie' => 'pgv_pvi=3171427328; Hm_lvt_91c9613acf14840c5b88007112a0878f=1493780131,1493895954; pgv_si=s4778327040; PHPSESSID=8j6su7q3883pkg8rafrjolaop6',
)
[ info ] [ PARAM ] array (
  'id' => '11',
)
[ info ] [ RUN ] app\home\controller\Index->detail[ H:\web\wifi\php_11\weixing\weixin\application\home\controller\Index.php ]
[ info ] [ SESSION ] INIT array (
  'id' => '',
  'var_session_id' => '',
  'prefix' => 'think',
  'type' => '',
  'auto_start' => true,
)
[ info ] [ DB ] INIT mysql
[ info ] [ VIEW ] H:\web\wifi\php_11\weixing\weixin\public/../application/home\view\index\detail.html [ array (
  0 => 'arr',
  1 => 'data',
) ]
[ info ] [ LOG ] INIT File
[ sql ] [ DB ] CONNECT:[ UseTime:1.008090s ] mysql:dbname=weixin;host=localhost;port=3306;charset=utf8
[ sql ] [ SQL ] SHOW COLUMNS FROM `product` [ RunTime:0.023935s ]
[ sql ] [ SQL ] SELECT * FROM `product` INNER JOIN `type` `type` ON `product`.`tid`=`type`.`tid` WHERE  `product`.`id` = '11' LIMIT 1 [ RunTime:0.001741s ]
[ sql ] [ SQL ] SHOW COLUMNS FROM `zan` [ RunTime:0.013378s ]
[ sql ] [ SQL ] SELECT * FROM `zan` WHERE  `man` = '赵小喜' [ RunTime:0.000839s ]
[ sql ] [ SQL ] SELECT * FROM `zan` WHERE  `man` = '赵小喜'  AND `uid` = 0 LIMIT 1 [ RunTime:0.000743s ]
[ sql ] [ SQL ] SHOW COLUMNS FROM `look` [ RunTime:0.011735s ]
[ sql ] [ SQL ] SELECT * FROM `look` WHERE  `uid` = 0 LIMIT 1 [ RunTime:0.000391s ]
[ sql ] [ SQL ] SELECT * FROM `look` WHERE  `pid` = 11 [ RunTime:0.000341s ]
[ sql ] [ SQL ] select * from comment inner join `user` on `comment`.`uid` = `user`.`id` where `comment`.`pid`=11 [ RunTime:0.000370s ]

---------------------------------------------------------------
[ 2017-05-08T11:14:44+08:00 ] 127.0.0.1 127.0.0.1 GET /php_11/weixing/weixin/public/index.php/home/index/detail?id=11%27
[ log ] qq.cn/php_11/weixing/weixin/public/index.php/home/index/detail?id=11%27 [运行时间：1.138338s][吞吐率：0.88req/s] [内存消耗：2,778.73kb] [文件加载：60]
[ info ] [ LANG ] H:\web\wifi\php_11\weixing\weixin\thinkphp\lang\zh-cn.php
[ info ] [ ROUTE ] array (
  'type' => 'module',
  'module' => 
  array (
    0 => 'home',
    1 => 'index',
    2 => 'detail',
  ),
)
[ info ] [ HEADER ] array (
  'host' => 'qq.cn',
  'connection' => 'keep-alive',
  'upgrade-insecure-requests' => '1',
  'user-agent' => 'Mozilla/5.0 (Windows NT 10.0; WOW64) AppleWebKit/537.36 (KHTML, like Gecko) Chrome/57.0.2987.133 Safari/537.36',
  'accept' => 'text/html,application/xhtml+xml,application/xml;q=0.9,image/webp,*/*;q=0.8',
  'accept-encoding' => 'gzip, deflate, sdch',
  'accept-language' => 'zh-CN,zh;q=0.8',
  'cookie' => 'pgv_pvi=3171427328; Hm_lvt_91c9613acf14840c5b88007112a0878f=1493780131,1493895954; pgv_si=s4778327040; PHPSESSID=8j6su7q3883pkg8rafrjolaop6',
)
[ info ] [ PARAM ] array (
  'id' => '11\'',
)
[ info ] [ RUN ] app\home\controller\Index->detail[ H:\web\wifi\php_11\weixing\weixin\application\home\controller\Index.php ]
[ info ] [ SESSION ] INIT array (
  'id' => '',
  'var_session_id' => '',
  'prefix' => 'think',
  'type' => '',
  'auto_start' => true,
)
[ info ] [ DB ] INIT mysql
[ info ] [ LOG ] INIT File
[ sql ] [ DB ] CONNECT:[ UseTime:1.009227s ] mysql:dbname=weixin;host=localhost;port=3306;charset=utf8
[ sql ] [ SQL ] SHOW COLUMNS FROM `product` [ RunTime:0.032753s ]
[ sql ] [ SQL ] SELECT * FROM `product` INNER JOIN `type` `type` ON `product`.`tid`=`type`.`tid` WHERE  `product`.`id` = '11\'' LIMIT 1 [ RunTime:0.001626s ]
[ sql ] [ SQL ] SHOW COLUMNS FROM `zan` [ RunTime:0.013909s ]
[ sql ] [ SQL ] SELECT * FROM `zan` WHERE  `man` = '赵小喜' [ RunTime:0.000780s ]
[ sql ] [ SQL ] SELECT * FROM `zan` WHERE  `man` = '赵小喜'  AND `uid` = 0 LIMIT 1 [ RunTime:0.000927s ]
[ sql ] [ SQL ] SHOW COLUMNS FROM `look` [ RunTime:0.012157s ]
[ sql ] [ SQL ] SELECT * FROM `look` WHERE  `uid` = 0 LIMIT 1 [ RunTime:0.000559s ]
[ sql ] [ SQL ] SELECT * FROM `look` WHERE  `pid` = 11 [ RunTime:0.000456s ]
[ error ] [10501]SQLSTATE[42000]: Syntax error or access violation: 1064 You have an error in your SQL syntax; check the manual that corresponds to your MySQL server version for the right syntax to use near ''' at line 1[H:\web\wifi\php_11\weixing\weixin\thinkphp\library\think\db\Connection.php:383]

---------------------------------------------------------------
[ 2017-05-08T11:14:49+08:00 ] 127.0.0.1 127.0.0.1 GET /php_11/weixing/weixin/public/index.php/home/index/detail?id=11
[ log ] qq.cn/php_11/weixing/weixin/public/index.php/home/index/detail?id=11 [运行时间：1.142514s][吞吐率：0.88req/s] [内存消耗：2,833.81kb] [文件加载：58]
[ info ] [ LANG ] H:\web\wifi\php_11\weixing\weixin\thinkphp\lang\zh-cn.php
[ info ] [ ROUTE ] array (
  'type' => 'module',
  'module' => 
  array (
    0 => 'home',
    1 => 'index',
    2 => 'detail',
  ),
)
[ info ] [ HEADER ] array (
  'host' => 'qq.cn',
  'connection' => 'keep-alive',
  'upgrade-insecure-requests' => '1',
  'user-agent' => 'Mozilla/5.0 (Windows NT 10.0; WOW64) AppleWebKit/537.36 (KHTML, like Gecko) Chrome/57.0.2987.133 Safari/537.36',
  'accept' => 'text/html,application/xhtml+xml,application/xml;q=0.9,image/webp,*/*;q=0.8',
  'accept-encoding' => 'gzip, deflate, sdch',
  'accept-language' => 'zh-CN,zh;q=0.8',
  'cookie' => 'pgv_pvi=3171427328; Hm_lvt_91c9613acf14840c5b88007112a0878f=1493780131,1493895954; pgv_si=s4778327040; PHPSESSID=8j6su7q3883pkg8rafrjolaop6',
)
[ info ] [ PARAM ] array (
  'id' => '11',
)
[ info ] [ RUN ] app\home\controller\Index->detail[ H:\web\wifi\php_11\weixing\weixin\application\home\controller\Index.php ]
[ info ] [ SESSION ] INIT array (
  'id' => '',
  'var_session_id' => '',
  'prefix' => 'think',
  'type' => '',
  'auto_start' => true,
)
[ info ] [ DB ] INIT mysql
[ info ] [ VIEW ] H:\web\wifi\php_11\weixing\weixin\public/../application/home\view\index\detail.html [ array (
  0 => 'arr',
  1 => 'data',
) ]
[ info ] [ LOG ] INIT File
[ sql ] [ DB ] CONNECT:[ UseTime:1.010296s ] mysql:dbname=weixin;host=localhost;port=3306;charset=utf8
[ sql ] [ SQL ] SHOW COLUMNS FROM `product` [ RunTime:0.032797s ]
[ sql ] [ SQL ] SELECT * FROM `product` INNER JOIN `type` `type` ON `product`.`tid`=`type`.`tid` WHERE  `product`.`id` = '11' LIMIT 1 [ RunTime:0.001687s ]
[ sql ] [ SQL ] SHOW COLUMNS FROM `zan` [ RunTime:0.020114s ]
[ sql ] [ SQL ] SELECT * FROM `zan` WHERE  `man` = '赵小喜' [ RunTime:0.000729s ]
[ sql ] [ SQL ] SELECT * FROM `zan` WHERE  `man` = '赵小喜'  AND `uid` = 0 LIMIT 1 [ RunTime:0.000726s ]
[ sql ] [ SQL ] SHOW COLUMNS FROM `look` [ RunTime:0.012864s ]
[ sql ] [ SQL ] SELECT * FROM `look` WHERE  `uid` = 0 LIMIT 1 [ RunTime:0.000740s ]
[ sql ] [ SQL ] SELECT * FROM `look` WHERE  `pid` = 11 [ RunTime:0.000680s ]
[ sql ] [ SQL ] select * from comment inner join `user` on `comment`.`uid` = `user`.`id` where `comment`.`pid`=11 [ RunTime:0.000839s ]

---------------------------------------------------------------
[ 2017-05-08T11:14:51+08:00 ] 127.0.0.1 127.0.0.1 GET /php_11/weixing/weixin/public/index.php/home/index/detail?id=11%20and%201=2
[ log ] qq.cn/php_11/weixing/weixin/public/index.php/home/index/detail?id=11%20and%201=2 [运行时间：1.129048s][吞吐率：0.89req/s] [内存消耗：2,833.80kb] [文件加载：58]
[ info ] [ LANG ] H:\web\wifi\php_11\weixing\weixin\thinkphp\lang\zh-cn.php
[ info ] [ ROUTE ] array (
  'type' => 'module',
  'module' => 
  array (
    0 => 'home',
    1 => 'index',
    2 => 'detail',
  ),
)
[ info ] [ HEADER ] array (
  'host' => 'qq.cn',
  'connection' => 'keep-alive',
  'upgrade-insecure-requests' => '1',
  'user-agent' => 'Mozilla/5.0 (Windows NT 10.0; WOW64) AppleWebKit/537.36 (KHTML, like Gecko) Chrome/57.0.2987.133 Safari/537.36',
  'accept' => 'text/html,application/xhtml+xml,application/xml;q=0.9,image/webp,*/*;q=0.8',
  'accept-encoding' => 'gzip, deflate, sdch',
  'accept-language' => 'zh-CN,zh;q=0.8',
  'cookie' => 'pgv_pvi=3171427328; Hm_lvt_91c9613acf14840c5b88007112a0878f=1493780131,1493895954; pgv_si=s4778327040; PHPSESSID=8j6su7q3883pkg8rafrjolaop6',
)
[ info ] [ PARAM ] array (
  'id' => '11 and 1=2',
)
[ info ] [ RUN ] app\home\controller\Index->detail[ H:\web\wifi\php_11\weixing\weixin\application\home\controller\Index.php ]
[ info ] [ SESSION ] INIT array (
  'id' => '',
  'var_session_id' => '',
  'prefix' => 'think',
  'type' => '',
  'auto_start' => true,
)
[ info ] [ DB ] INIT mysql
[ info ] [ VIEW ] H:\web\wifi\php_11\weixing\weixin\public/../application/home\view\index\detail.html [ array (
  0 => 'arr',
  1 => 'data',
) ]
[ info ] [ LOG ] INIT File
[ sql ] [ DB ] CONNECT:[ UseTime:1.005078s ] mysql:dbname=weixin;host=localhost;port=3306;charset=utf8
[ sql ] [ SQL ] SHOW COLUMNS FROM `product` [ RunTime:0.023657s ]
[ sql ] [ SQL ] SELECT * FROM `product` INNER JOIN `type` `type` ON `product`.`tid`=`type`.`tid` WHERE  `product`.`id` = '11 and 1=2' LIMIT 1 [ RunTime:0.001002s ]
[ sql ] [ SQL ] SHOW COLUMNS FROM `zan` [ RunTime:0.013999s ]
[ sql ] [ SQL ] SELECT * FROM `zan` WHERE  `man` = '赵小喜' [ RunTime:0.000722s ]
[ sql ] [ SQL ] SELECT * FROM `zan` WHERE  `man` = '赵小喜'  AND `uid` = 0 LIMIT 1 [ RunTime:0.000762s ]
[ sql ] [ SQL ] SHOW COLUMNS FROM `look` [ RunTime:0.013790s ]
[ sql ] [ SQL ] SELECT * FROM `look` WHERE  `uid` = 0 LIMIT 1 [ RunTime:0.000744s ]
[ sql ] [ SQL ] SELECT * FROM `look` WHERE  `pid` = 11 [ RunTime:0.001030s ]
[ sql ] [ SQL ] select * from comment inner join `user` on `comment`.`uid` = `user`.`id` where `comment`.`pid`=11 and 1=2 [ RunTime:0.000748s ]

---------------------------------------------------------------
