[ 2017-05-14T19:07:39+08:00 ] 127.0.0.1 127.0.0.1 GET /php_11/weixing/weixin/public/
[ log ] qq.cn/php_11/weixing/weixin/public/ [运行时间：0.774851s][吞吐率：1.29req/s] [内存消耗：1,359.23kb] [文件加载：38]
[ info ] [ LANG ] H:\web\wifi\php_11\weixing\weixin\thinkphp\lang\zh-cn.php
[ info ] [ ROUTE ] array (
  'type' => 'module',
  'module' => 
  array (
    0 => '',
    1 => NULL,
    2 => NULL,
  ),
)
[ info ] [ HEADER ] array (
  'host' => 'qq.cn',
  'connection' => 'keep-alive',
  'upgrade-insecure-requests' => '1',
  'user-agent' => 'Mozilla/5.0 (Windows NT 10.0; WOW64) AppleWebKit/537.36 (KHTML, like Gecko) Chrome/57.0.2987.133 Safari/537.36',
  'accept' => 'text/html,application/xhtml+xml,application/xml;q=0.9,image/webp,*/*;q=0.8',
  'referer' => 'http://qq.cn/php_11/weixing/weixin/',
  'accept-encoding' => 'gzip, deflate, sdch',
  'accept-language' => 'zh-CN,zh;q=0.8',
  'cookie' => 'pgv_pvi=3171427328; Hm_lvt_91c9613acf14840c5b88007112a0878f=1493780131,1493895954; Hm_lvt_080836300300be57b7f34f4b3e97d911=1494415780',
)
[ info ] [ PARAM ] array (
)
[ info ] [ RUN ] app\index\controller\Index->index[ H:\web\wifi\php_11\weixing\weixin\application\index\controller\Index.php ]
[ info ] [ LOG ] INIT File

---------------------------------------------------------------
[ 2017-05-14T19:07:48+08:00 ] 127.0.0.1 127.0.0.1 GET /php_11/weixing/weixin/public/index.php/home/index/detail?id=5
[ log ] qq.cn/php_11/weixing/weixin/public/index.php/home/index/detail?id=5 [运行时间：2.228948s][吞吐率：0.45req/s] [内存消耗：2,834.02kb] [文件加载：58]
[ info ] [ LANG ] H:\web\wifi\php_11\weixing\weixin\thinkphp\lang\zh-cn.php
[ info ] [ ROUTE ] array (
  'type' => 'module',
  'module' => 
  array (
    0 => 'home',
    1 => 'index',
    2 => 'detail',
  ),
)
[ info ] [ HEADER ] array (
  'host' => 'qq.cn',
  'connection' => 'keep-alive',
  'upgrade-insecure-requests' => '1',
  'user-agent' => 'Mozilla/5.0 (Windows NT 10.0; WOW64) AppleWebKit/537.36 (KHTML, like Gecko) Chrome/57.0.2987.133 Safari/537.36',
  'accept' => 'text/html,application/xhtml+xml,application/xml;q=0.9,image/webp,*/*;q=0.8',
  'accept-encoding' => 'gzip, deflate, sdch',
  'accept-language' => 'zh-CN,zh;q=0.8',
  'cookie' => 'pgv_pvi=3171427328; Hm_lvt_91c9613acf14840c5b88007112a0878f=1493780131,1493895954; Hm_lvt_080836300300be57b7f34f4b3e97d911=1494415780; pgv_si=s4679696384',
)
[ info ] [ PARAM ] array (
  'id' => '5',
)
[ info ] [ RUN ] app\home\controller\Index->detail[ H:\web\wifi\php_11\weixing\weixin\application\home\controller\Index.php ]
[ info ] [ SESSION ] INIT array (
  'id' => '',
  'var_session_id' => '',
  'prefix' => 'think',
  'type' => '',
  'auto_start' => true,
)
[ info ] [ DB ] INIT mysql
[ info ] [ VIEW ] H:\web\wifi\php_11\weixing\weixin\public/../application/home\view\index\detail.html [ array (
  0 => 'arr',
  1 => 'data',
) ]
[ info ] [ LOG ] INIT File
[ sql ] [ DB ] CONNECT:[ UseTime:1.174617s ] mysql:dbname=weixin;host=localhost;port=3306;charset=utf8
[ sql ] [ SQL ] SHOW COLUMNS FROM `product` [ RunTime:0.145131s ]
[ sql ] [ SQL ] SELECT * FROM `product` INNER JOIN `type` `type` ON `product`.`tid`=`type`.`tid` WHERE  `product`.`id` = '5' LIMIT 1 [ RunTime:0.046402s ]
[ sql ] [ SQL ] SHOW COLUMNS FROM `zan` [ RunTime:0.054312s ]
[ sql ] [ SQL ] SELECT * FROM `zan` WHERE  `man` = '热顿' [ RunTime:0.001404s ]
[ sql ] [ SQL ] SELECT * FROM `zan` WHERE  `man` = '热顿'  AND `uid` = 0 LIMIT 1 [ RunTime:0.001283s ]
[ sql ] [ SQL ] SHOW COLUMNS FROM `look` [ RunTime:0.054393s ]
[ sql ] [ SQL ] SELECT * FROM `look` WHERE  `uid` = 0 LIMIT 1 [ RunTime:0.001365s ]
[ sql ] [ SQL ] SELECT * FROM `look` WHERE  `pid` = 5 [ RunTime:0.001190s ]
[ sql ] [ SQL ] select * from comment inner join `user` on `comment`.`uid` = `user`.`id` where `comment`.`pid`=5 [ RunTime:0.033498s ]

---------------------------------------------------------------
[ 2017-05-14T19:07:55+08:00 ] 127.0.0.1 127.0.0.1 GET /php_11/weixing/weixin/public/index.php/home/index
[ log ] qq.cn/php_11/weixing/weixin/public/index.php/home/index [运行时间：1.277590s][吞吐率：0.78req/s] [内存消耗：2,891.86kb] [文件加载：60]
[ info ] [ LANG ] H:\web\wifi\php_11\weixing\weixin\thinkphp\lang\zh-cn.php
[ info ] [ ROUTE ] array (
  'type' => 'module',
  'module' => 
  array (
    0 => 'home',
    1 => 'index',
    2 => NULL,
  ),
)
[ info ] [ HEADER ] array (
  'host' => 'qq.cn',
  'connection' => 'keep-alive',
  'upgrade-insecure-requests' => '1',
  'user-agent' => 'Mozilla/5.0 (Windows NT 10.0; WOW64) AppleWebKit/537.36 (KHTML, like Gecko) Chrome/57.0.2987.133 Safari/537.36',
  'accept' => 'text/html,application/xhtml+xml,application/xml;q=0.9,image/webp,*/*;q=0.8',
  'accept-encoding' => 'gzip, deflate, sdch',
  'accept-language' => 'zh-CN,zh;q=0.8',
  'cookie' => 'pgv_pvi=3171427328; Hm_lvt_91c9613acf14840c5b88007112a0878f=1493780131,1493895954; Hm_lvt_080836300300be57b7f34f4b3e97d911=1494415780; pgv_si=s4679696384; PHPSESSID=44aq2k5fome3kcpptpn7fmtll5',
)
[ info ] [ PARAM ] array (
)
[ info ] [ RUN ] app\home\controller\Index->index[ H:\web\wifi\php_11\weixing\weixin\application\home\controller\Index.php ]
[ info ] [ DB ] INIT mysql
[ info ] [ VIEW ] H:\web\wifi\php_11\weixing\weixin\public/../application/home\view\index\index.html [ array (
  0 => 'data',
) ]
[ info ] [ LOG ] INIT File
[ sql ] [ DB ] CONNECT:[ UseTime:1.008839s ] mysql:dbname=weixin;host=localhost;port=3306;charset=utf8
[ sql ] [ SQL ] SHOW COLUMNS FROM `product` [ RunTime:0.029669s ]
[ sql ] [ SQL ] SELECT * FROM `product` INNER JOIN `type` `type` ON `product`.`tid`=`type`.`tid` [ RunTime:0.001967s ]
[ sql ] [ SQL ] SHOW COLUMNS FROM `look` [ RunTime:0.019350s ]
[ sql ] [ SQL ] SELECT * FROM `look` WHERE  `pid` = 11 [ RunTime:0.001255s ]
[ sql ] [ SQL ] SHOW COLUMNS FROM `zan` [ RunTime:0.009672s ]
[ sql ] [ SQL ] SELECT * FROM `zan` WHERE  `man` = '赵小喜' [ RunTime:0.000671s ]
[ sql ] [ SQL ] SHOW COLUMNS FROM `comment` [ RunTime:0.009922s ]
[ sql ] [ SQL ] SELECT * FROM `comment` WHERE  `pid` = 11 [ RunTime:0.000877s ]
[ sql ] [ SQL ] SELECT * FROM `look` WHERE  `pid` = 12 [ RunTime:0.000682s ]
[ sql ] [ SQL ] SELECT * FROM `zan` WHERE  `man` = '热顿' [ RunTime:0.000702s ]
[ sql ] [ SQL ] SELECT * FROM `comment` WHERE  `pid` = 12 [ RunTime:0.000721s ]
[ sql ] [ SQL ] SELECT * FROM `look` WHERE  `pid` = 13 [ RunTime:0.000626s ]
[ sql ] [ SQL ] SELECT * FROM `zan` WHERE  `man` = '赵小喜' [ RunTime:0.000726s ]
[ sql ] [ SQL ] SELECT * FROM `comment` WHERE  `pid` = 13 [ RunTime:0.000725s ]
[ sql ] [ SQL ] SELECT * FROM `look` WHERE  `pid` = 2 [ RunTime:0.000490s ]
[ sql ] [ SQL ] SELECT * FROM `zan` WHERE  `man` = '刘佳' [ RunTime:0.000401s ]
[ sql ] [ SQL ] SELECT * FROM `comment` WHERE  `pid` = 2 [ RunTime:0.000501s ]
[ sql ] [ SQL ] SELECT * FROM `look` WHERE  `pid` = 5 [ RunTime:0.000413s ]
[ sql ] [ SQL ] SELECT * FROM `zan` WHERE  `man` = '热顿' [ RunTime:0.000404s ]
[ sql ] [ SQL ] SELECT * FROM `comment` WHERE  `pid` = 5 [ RunTime:0.000455s ]
[ sql ] [ SQL ] SELECT * FROM `look` WHERE  `pid` = 6 [ RunTime:0.000414s ]
[ sql ] [ SQL ] SELECT * FROM `zan` WHERE  `man` = '赵小喜' [ RunTime:0.000375s ]
[ sql ] [ SQL ] SELECT * FROM `comment` WHERE  `pid` = 6 [ RunTime:0.000391s ]
[ sql ] [ SQL ] SELECT * FROM `look` WHERE  `pid` = 9 [ RunTime:0.000418s ]
[ sql ] [ SQL ] SELECT * FROM `zan` WHERE  `man` = '刘佳' [ RunTime:0.000466s ]
[ sql ] [ SQL ] SELECT * FROM `comment` WHERE  `pid` = 9 [ RunTime:0.000389s ]
[ sql ] [ SQL ] SELECT * FROM `look` WHERE  `pid` = 7 [ RunTime:0.000352s ]
[ sql ] [ SQL ] SELECT * FROM `zan` WHERE  `man` = '热顿' [ RunTime:0.000372s ]
[ sql ] [ SQL ] SELECT * FROM `comment` WHERE  `pid` = 7 [ RunTime:0.000394s ]
[ sql ] [ SQL ] SELECT * FROM `look` WHERE  `pid` = 8 [ RunTime:0.000325s ]
[ sql ] [ SQL ] SELECT * FROM `zan` WHERE  `man` = '赵小喜' [ RunTime:0.000417s ]
[ sql ] [ SQL ] SELECT * FROM `comment` WHERE  `pid` = 8 [ RunTime:0.000403s ]
[ sql ] [ SQL ] SHOW COLUMNS FROM `type` [ RunTime:0.005250s ]
[ sql ] [ SQL ] SELECT * FROM `type` [ RunTime:0.000391s ]

---------------------------------------------------------------
[ 2017-05-14T19:08:00+08:00 ] 127.0.0.1 127.0.0.1 GET /php_11/weixing/weixin/public/index.php/home/index%E3%80%81index
[ log ] qq.cn/php_11/weixing/weixin/public/index.php/home/index%E3%80%81index [运行时间：0.175638s][吞吐率：5.69req/s] [内存消耗：1,392.84kb] [文件加载：40]
[ info ] [ LANG ] H:\web\wifi\php_11\weixing\weixin\thinkphp\lang\zh-cn.php
[ info ] [ ROUTE ] array (
  'type' => 'module',
  'module' => 
  array (
    0 => 'home',
    1 => 'index、index',
    2 => NULL,
  ),
)
[ info ] [ HEADER ] array (
  'host' => 'qq.cn',
  'connection' => 'keep-alive',
  'upgrade-insecure-requests' => '1',
  'user-agent' => 'Mozilla/5.0 (Windows NT 10.0; WOW64) AppleWebKit/537.36 (KHTML, like Gecko) Chrome/57.0.2987.133 Safari/537.36',
  'accept' => 'text/html,application/xhtml+xml,application/xml;q=0.9,image/webp,*/*;q=0.8',
  'accept-encoding' => 'gzip, deflate, sdch',
  'accept-language' => 'zh-CN,zh;q=0.8',
  'cookie' => 'pgv_pvi=3171427328; Hm_lvt_91c9613acf14840c5b88007112a0878f=1493780131,1493895954; Hm_lvt_080836300300be57b7f34f4b3e97d911=1494415780; pgv_si=s4679696384; PHPSESSID=44aq2k5fome3kcpptpn7fmtll5',
)
[ info ] [ PARAM ] array (
)
[ info ] [ LOG ] INIT File

---------------------------------------------------------------
[ 2017-05-14T19:08:09+08:00 ] 127.0.0.1 127.0.0.1 GET /php_11/weixing/weixin/public/index.php/home/index/index
[ log ] qq.cn/php_11/weixing/weixin/public/index.php/home/index/index [运行时间：1.183493s][吞吐率：0.84req/s] [内存消耗：2,891.86kb] [文件加载：60]
[ info ] [ LANG ] H:\web\wifi\php_11\weixing\weixin\thinkphp\lang\zh-cn.php
[ info ] [ ROUTE ] array (
  'type' => 'module',
  'module' => 
  array (
    0 => 'home',
    1 => 'index',
    2 => 'index',
  ),
)
[ info ] [ HEADER ] array (
  'host' => 'qq.cn',
  'connection' => 'keep-alive',
  'upgrade-insecure-requests' => '1',
  'user-agent' => 'Mozilla/5.0 (Windows NT 10.0; WOW64) AppleWebKit/537.36 (KHTML, like Gecko) Chrome/57.0.2987.133 Safari/537.36',
  'accept' => 'text/html,application/xhtml+xml,application/xml;q=0.9,image/webp,*/*;q=0.8',
  'accept-encoding' => 'gzip, deflate, sdch',
  'accept-language' => 'zh-CN,zh;q=0.8',
  'cookie' => 'pgv_pvi=3171427328; Hm_lvt_91c9613acf14840c5b88007112a0878f=1493780131,1493895954; Hm_lvt_080836300300be57b7f34f4b3e97d911=1494415780; pgv_si=s4679696384; PHPSESSID=44aq2k5fome3kcpptpn7fmtll5',
)
[ info ] [ PARAM ] array (
)
[ info ] [ RUN ] app\home\controller\Index->index[ H:\web\wifi\php_11\weixing\weixin\application\home\controller\Index.php ]
[ info ] [ DB ] INIT mysql
[ info ] [ VIEW ] H:\web\wifi\php_11\weixing\weixin\public/../application/home\view\index\index.html [ array (
  0 => 'data',
) ]
[ info ] [ LOG ] INIT File
[ sql ] [ DB ] CONNECT:[ UseTime:1.007519s ] mysql:dbname=weixin;host=localhost;port=3306;charset=utf8
[ sql ] [ SQL ] SHOW COLUMNS FROM `product` [ RunTime:0.031297s ]
[ sql ] [ SQL ] SELECT * FROM `product` INNER JOIN `type` `type` ON `product`.`tid`=`type`.`tid` [ RunTime:0.002226s ]
[ sql ] [ SQL ] SHOW COLUMNS FROM `look` [ RunTime:0.016892s ]
[ sql ] [ SQL ] SELECT * FROM `look` WHERE  `pid` = 11 [ RunTime:0.001234s ]
[ sql ] [ SQL ] SHOW COLUMNS FROM `zan` [ RunTime:0.017108s ]
[ sql ] [ SQL ] SELECT * FROM `zan` WHERE  `man` = '赵小喜' [ RunTime:0.001745s ]
[ sql ] [ SQL ] SHOW COLUMNS FROM `comment` [ RunTime:0.014218s ]
[ sql ] [ SQL ] SELECT * FROM `comment` WHERE  `pid` = 11 [ RunTime:0.000886s ]
[ sql ] [ SQL ] SELECT * FROM `look` WHERE  `pid` = 12 [ RunTime:0.000721s ]
[ sql ] [ SQL ] SELECT * FROM `zan` WHERE  `man` = '热顿' [ RunTime:0.000730s ]
[ sql ] [ SQL ] SELECT * FROM `comment` WHERE  `pid` = 12 [ RunTime:0.000796s ]
[ sql ] [ SQL ] SELECT * FROM `look` WHERE  `pid` = 13 [ RunTime:0.000698s ]
[ sql ] [ SQL ] SELECT * FROM `zan` WHERE  `man` = '赵小喜' [ RunTime:0.000649s ]
[ sql ] [ SQL ] SELECT * FROM `comment` WHERE  `pid` = 13 [ RunTime:0.000721s ]
[ sql ] [ SQL ] SELECT * FROM `look` WHERE  `pid` = 2 [ RunTime:0.000641s ]
[ sql ] [ SQL ] SELECT * FROM `zan` WHERE  `man` = '刘佳' [ RunTime:0.000798s ]
[ sql ] [ SQL ] SELECT * FROM `comment` WHERE  `pid` = 2 [ RunTime:0.000909s ]
[ sql ] [ SQL ] SELECT * FROM `look` WHERE  `pid` = 5 [ RunTime:0.000760s ]
[ sql ] [ SQL ] SELECT * FROM `zan` WHERE  `man` = '热顿' [ RunTime:0.000686s ]
[ sql ] [ SQL ] SELECT * FROM `comment` WHERE  `pid` = 5 [ RunTime:0.000778s ]
[ sql ] [ SQL ] SELECT * FROM `look` WHERE  `pid` = 6 [ RunTime:0.000617s ]
[ sql ] [ SQL ] SELECT * FROM `zan` WHERE  `man` = '赵小喜' [ RunTime:0.000630s ]
[ sql ] [ SQL ] SELECT * FROM `comment` WHERE  `pid` = 6 [ RunTime:0.000657s ]
[ sql ] [ SQL ] SELECT * FROM `look` WHERE  `pid` = 9 [ RunTime:0.000397s ]
[ sql ] [ SQL ] SELECT * FROM `zan` WHERE  `man` = '刘佳' [ RunTime:0.000438s ]
[ sql ] [ SQL ] SELECT * FROM `comment` WHERE  `pid` = 9 [ RunTime:0.000452s ]
[ sql ] [ SQL ] SELECT * FROM `look` WHERE  `pid` = 7 [ RunTime:0.000375s ]
[ sql ] [ SQL ] SELECT * FROM `zan` WHERE  `man` = '热顿' [ RunTime:0.000368s ]
[ sql ] [ SQL ] SELECT * FROM `comment` WHERE  `pid` = 7 [ RunTime:0.000443s ]
[ sql ] [ SQL ] SELECT * FROM `look` WHERE  `pid` = 8 [ RunTime:0.000339s ]
[ sql ] [ SQL ] SELECT * FROM `zan` WHERE  `man` = '赵小喜' [ RunTime:0.000313s ]
[ sql ] [ SQL ] SELECT * FROM `comment` WHERE  `pid` = 8 [ RunTime:0.000324s ]
[ sql ] [ SQL ] SHOW COLUMNS FROM `type` [ RunTime:0.005067s ]
[ sql ] [ SQL ] SELECT * FROM `type` [ RunTime:0.000436s ]

---------------------------------------------------------------
[ 2017-05-14T19:08:27+08:00 ] 127.0.0.1 127.0.0.1 GET /php_11/weixing/weixin/public/index.php/home/index/majors?tid=3
[ log ] qq.cn/php_11/weixing/weixin/public/index.php/home/index/majors?tid=3 [运行时间：1.220499s][吞吐率：0.82req/s] [内存消耗：2,911.73kb] [文件加载：58]
[ info ] [ LANG ] H:\web\wifi\php_11\weixing\weixin\thinkphp\lang\zh-cn.php
[ info ] [ ROUTE ] array (
  'type' => 'module',
  'module' => 
  array (
    0 => 'home',
    1 => 'index',
    2 => 'majors',
  ),
)
[ info ] [ HEADER ] array (
  'host' => 'qq.cn',
  'connection' => 'keep-alive',
  'upgrade-insecure-requests' => '1',
  'user-agent' => 'Mozilla/5.0 (Linux; Android 5.1.1; Nexus 6 Build/LYZ28E) AppleWebKit/537.36 (KHTML, like Gecko) Chrome/57.0.2987.133 Mobile Safari/537.36',
  'accept' => 'text/html,application/xhtml+xml,application/xml;q=0.9,image/webp,*/*;q=0.8',
  'referer' => 'http://qq.cn/php_11/weixing/weixin/public/index.php/home/index/index',
  'accept-encoding' => 'gzip, deflate, sdch',
  'accept-language' => 'zh-CN,zh;q=0.8',
  'cookie' => 'pgv_pvi=3171427328; Hm_lvt_91c9613acf14840c5b88007112a0878f=1493780131,1493895954; Hm_lvt_080836300300be57b7f34f4b3e97d911=1494415780; pgv_si=s4679696384; PHPSESSID=44aq2k5fome3kcpptpn7fmtll5',
)
[ info ] [ PARAM ] array (
  'tid' => '3',
)
[ info ] [ RUN ] app\home\controller\Index->majors[ H:\web\wifi\php_11\weixing\weixin\application\home\controller\Index.php ]
[ info ] [ DB ] INIT mysql
[ info ] [ VIEW ] H:\web\wifi\php_11\weixing\weixin\public/../application/home\view\index\majors.html [ array (
  0 => 'list',
) ]
[ info ] [ LOG ] INIT File
[ sql ] [ DB ] CONNECT:[ UseTime:1.006243s ] mysql:dbname=weixin;host=localhost;port=3306;charset=utf8
[ sql ] [ SQL ] SHOW COLUMNS FROM `product` [ RunTime:0.012234s ]
[ sql ] [ SQL ] SELECT * FROM `product` WHERE  `tid` = 3 [ RunTime:0.001180s ]

---------------------------------------------------------------
[ 2017-05-14T19:08:32+08:00 ] 127.0.0.1 127.0.0.1 GET /php_11/weixing/weixin/public/index.php/home/index/index
[ log ] qq.cn/php_11/weixing/weixin/public/index.php/home/index/index [运行时间：1.133785s][吞吐率：0.88req/s] [内存消耗：2,892.10kb] [文件加载：60]
[ info ] [ LANG ] H:\web\wifi\php_11\weixing\weixin\thinkphp\lang\zh-cn.php
[ info ] [ ROUTE ] array (
  'type' => 'module',
  'module' => 
  array (
    0 => 'home',
    1 => 'index',
    2 => 'index',
  ),
)
[ info ] [ HEADER ] array (
  'host' => 'qq.cn',
  'connection' => 'keep-alive',
  'cache-control' => 'max-age=0',
  'upgrade-insecure-requests' => '1',
  'user-agent' => 'Mozilla/5.0 (Linux; Android 5.1.1; Nexus 6 Build/LYZ28E) AppleWebKit/537.36 (KHTML, like Gecko) Chrome/57.0.2987.133 Mobile Safari/537.36',
  'accept' => 'text/html,application/xhtml+xml,application/xml;q=0.9,image/webp,*/*;q=0.8',
  'accept-encoding' => 'gzip, deflate, sdch',
  'accept-language' => 'zh-CN,zh;q=0.8',
  'cookie' => 'pgv_pvi=3171427328; Hm_lvt_91c9613acf14840c5b88007112a0878f=1493780131,1493895954; Hm_lvt_080836300300be57b7f34f4b3e97d911=1494415780; pgv_si=s4679696384; PHPSESSID=44aq2k5fome3kcpptpn7fmtll5',
)
[ info ] [ PARAM ] array (
)
[ info ] [ RUN ] app\home\controller\Index->index[ H:\web\wifi\php_11\weixing\weixin\application\home\controller\Index.php ]
[ info ] [ DB ] INIT mysql
[ info ] [ VIEW ] H:\web\wifi\php_11\weixing\weixin\public/../application/home\view\index\index.html [ array (
  0 => 'data',
) ]
[ info ] [ LOG ] INIT File
[ sql ] [ DB ] CONNECT:[ UseTime:1.008859s ] mysql:dbname=weixin;host=localhost;port=3306;charset=utf8
[ sql ] [ SQL ] SHOW COLUMNS FROM `product` [ RunTime:0.017448s ]
[ sql ] [ SQL ] SELECT * FROM `product` INNER JOIN `type` `type` ON `product`.`tid`=`type`.`tid` [ RunTime:0.001368s ]
[ sql ] [ SQL ] SHOW COLUMNS FROM `look` [ RunTime:0.010232s ]
[ sql ] [ SQL ] SELECT * FROM `look` WHERE  `pid` = 11 [ RunTime:0.000886s ]
[ sql ] [ SQL ] SHOW COLUMNS FROM `zan` [ RunTime:0.008603s ]
[ sql ] [ SQL ] SELECT * FROM `zan` WHERE  `man` = '赵小喜' [ RunTime:0.000470s ]
[ sql ] [ SQL ] SHOW COLUMNS FROM `comment` [ RunTime:0.005291s ]
[ sql ] [ SQL ] SELECT * FROM `comment` WHERE  `pid` = 11 [ RunTime:0.000450s ]
[ sql ] [ SQL ] SELECT * FROM `look` WHERE  `pid` = 12 [ RunTime:0.000322s ]
[ sql ] [ SQL ] SELECT * FROM `zan` WHERE  `man` = '热顿' [ RunTime:0.000316s ]
[ sql ] [ SQL ] SELECT * FROM `comment` WHERE  `pid` = 12 [ RunTime:0.000359s ]
[ sql ] [ SQL ] SELECT * FROM `look` WHERE  `pid` = 13 [ RunTime:0.000337s ]
[ sql ] [ SQL ] SELECT * FROM `zan` WHERE  `man` = '赵小喜' [ RunTime:0.000370s ]
[ sql ] [ SQL ] SELECT * FROM `comment` WHERE  `pid` = 13 [ RunTime:0.000433s ]
[ sql ] [ SQL ] SELECT * FROM `look` WHERE  `pid` = 2 [ RunTime:0.000367s ]
[ sql ] [ SQL ] SELECT * FROM `zan` WHERE  `man` = '刘佳' [ RunTime:0.000369s ]
[ sql ] [ SQL ] SELECT * FROM `comment` WHERE  `pid` = 2 [ RunTime:0.000422s ]
[ sql ] [ SQL ] SELECT * FROM `look` WHERE  `pid` = 5 [ RunTime:0.000348s ]
[ sql ] [ SQL ] SELECT * FROM `zan` WHERE  `man` = '热顿' [ RunTime:0.000325s ]
[ sql ] [ SQL ] SELECT * FROM `comment` WHERE  `pid` = 5 [ RunTime:0.000411s ]
[ sql ] [ SQL ] SELECT * FROM `look` WHERE  `pid` = 6 [ RunTime:0.000315s ]
[ sql ] [ SQL ] SELECT * FROM `zan` WHERE  `man` = '赵小喜' [ RunTime:0.000322s ]
[ sql ] [ SQL ] SELECT * FROM `comment` WHERE  `pid` = 6 [ RunTime:0.000386s ]
[ sql ] [ SQL ] SELECT * FROM `look` WHERE  `pid` = 9 [ RunTime:0.000347s ]
[ sql ] [ SQL ] SELECT * FROM `zan` WHERE  `man` = '刘佳' [ RunTime:0.000309s ]
[ sql ] [ SQL ] SELECT * FROM `comment` WHERE  `pid` = 9 [ RunTime:0.000388s ]
[ sql ] [ SQL ] SELECT * FROM `look` WHERE  `pid` = 7 [ RunTime:0.000323s ]
[ sql ] [ SQL ] SELECT * FROM `zan` WHERE  `man` = '热顿' [ RunTime:0.000329s ]
[ sql ] [ SQL ] SELECT * FROM `comment` WHERE  `pid` = 7 [ RunTime:0.000433s ]
[ sql ] [ SQL ] SELECT * FROM `look` WHERE  `pid` = 8 [ RunTime:0.000368s ]
[ sql ] [ SQL ] SELECT * FROM `zan` WHERE  `man` = '赵小喜' [ RunTime:0.000320s ]
[ sql ] [ SQL ] SELECT * FROM `comment` WHERE  `pid` = 8 [ RunTime:0.000417s ]
[ sql ] [ SQL ] SHOW COLUMNS FROM `type` [ RunTime:0.005339s ]
[ sql ] [ SQL ] SELECT * FROM `type` [ RunTime:0.000411s ]

---------------------------------------------------------------
[ 2017-05-14T19:08:53+08:00 ] 127.0.0.1 127.0.0.1 GET /php_11/weixing/weixin/public/index.php/home/index/major
[ log ] qq.cn/php_11/weixing/weixin/public/index.php/home/index/major [运行时间：1.204113s][吞吐率：0.83req/s] [内存消耗：2,928.24kb] [文件加载：58]
[ info ] [ LANG ] H:\web\wifi\php_11\weixing\weixin\thinkphp\lang\zh-cn.php
[ info ] [ ROUTE ] array (
  'type' => 'module',
  'module' => 
  array (
    0 => 'home',
    1 => 'index',
    2 => 'major',
  ),
)
[ info ] [ HEADER ] array (
  'host' => 'qq.cn',
  'connection' => 'keep-alive',
  'upgrade-insecure-requests' => '1',
  'user-agent' => 'Mozilla/5.0 (Linux; Android 5.0; SM-G900P Build/LRX21T) AppleWebKit/537.36 (KHTML, like Gecko) Chrome/57.0.2987.133 Mobile Safari/537.36',
  'accept' => 'text/html,application/xhtml+xml,application/xml;q=0.9,image/webp,*/*;q=0.8',
  'referer' => 'http://qq.cn/php_11/weixing/weixin/public/index.php/home/index/index',
  'accept-encoding' => 'gzip, deflate, sdch',
  'accept-language' => 'zh-CN,zh;q=0.8',
  'cookie' => 'pgv_pvi=3171427328; Hm_lvt_91c9613acf14840c5b88007112a0878f=1493780131,1493895954; Hm_lvt_080836300300be57b7f34f4b3e97d911=1494415780; pgv_si=s4679696384; PHPSESSID=44aq2k5fome3kcpptpn7fmtll5',
)
[ info ] [ PARAM ] array (
)
[ info ] [ RUN ] app\home\controller\Index->major[ H:\web\wifi\php_11\weixing\weixin\application\home\controller\Index.php ]
[ info ] [ DB ] INIT mysql
[ info ] [ VIEW ] H:\web\wifi\php_11\weixing\weixin\public/../application/home\view\index\major.html [ array (
  0 => 'list',
) ]
[ info ] [ LOG ] INIT File
[ sql ] [ DB ] CONNECT:[ UseTime:1.018044s ] mysql:dbname=weixin;host=localhost;port=3306;charset=utf8
[ sql ] [ SQL ] SHOW COLUMNS FROM `product` [ RunTime:0.019466s ]
[ sql ] [ SQL ] SELECT * FROM `product` INNER JOIN `type` `type` ON `product`.`tid`=`type`.`tid` [ RunTime:0.000679s ]

---------------------------------------------------------------
[ 2017-05-14T19:08:57+08:00 ] 127.0.0.1 127.0.0.1 GET /php_11/weixing/weixin/public/index.php/home/index/detail?id=5
[ log ] qq.cn/php_11/weixing/weixin/public/index.php/home/index/detail?id=5 [运行时间：1.146865s][吞吐率：0.87req/s] [内存消耗：2,834.18kb] [文件加载：58]
[ info ] [ LANG ] H:\web\wifi\php_11\weixing\weixin\thinkphp\lang\zh-cn.php
[ info ] [ ROUTE ] array (
  'type' => 'module',
  'module' => 
  array (
    0 => 'home',
    1 => 'index',
    2 => 'detail',
  ),
)
[ info ] [ HEADER ] array (
  'host' => 'qq.cn',
  'connection' => 'keep-alive',
  'upgrade-insecure-requests' => '1',
  'user-agent' => 'Mozilla/5.0 (Linux; Android 5.0; SM-G900P Build/LRX21T) AppleWebKit/537.36 (KHTML, like Gecko) Chrome/57.0.2987.133 Mobile Safari/537.36',
  'accept' => 'text/html,application/xhtml+xml,application/xml;q=0.9,image/webp,*/*;q=0.8',
  'referer' => 'http://qq.cn/php_11/weixing/weixin/public/index.php/home/index/major',
  'accept-encoding' => 'gzip, deflate, sdch',
  'accept-language' => 'zh-CN,zh;q=0.8',
  'cookie' => 'pgv_pvi=3171427328; Hm_lvt_91c9613acf14840c5b88007112a0878f=1493780131,1493895954; Hm_lvt_080836300300be57b7f34f4b3e97d911=1494415780; pgv_si=s4679696384; PHPSESSID=44aq2k5fome3kcpptpn7fmtll5',
)
[ info ] [ PARAM ] array (
  'id' => '5',
)
[ info ] [ RUN ] app\home\controller\Index->detail[ H:\web\wifi\php_11\weixing\weixin\application\home\controller\Index.php ]
[ info ] [ SESSION ] INIT array (
  'id' => '',
  'var_session_id' => '',
  'prefix' => 'think',
  'type' => '',
  'auto_start' => true,
)
[ info ] [ DB ] INIT mysql
[ info ] [ VIEW ] H:\web\wifi\php_11\weixing\weixin\public/../application/home\view\index\detail.html [ array (
  0 => 'arr',
  1 => 'data',
) ]
[ info ] [ LOG ] INIT File
[ sql ] [ DB ] CONNECT:[ UseTime:1.009459s ] mysql:dbname=weixin;host=localhost;port=3306;charset=utf8
[ sql ] [ SQL ] SHOW COLUMNS FROM `product` [ RunTime:0.019262s ]
[ sql ] [ SQL ] SELECT * FROM `product` INNER JOIN `type` `type` ON `product`.`tid`=`type`.`tid` WHERE  `product`.`id` = '5' LIMIT 1 [ RunTime:0.002292s ]
[ sql ] [ SQL ] SHOW COLUMNS FROM `zan` [ RunTime:0.015486s ]
[ sql ] [ SQL ] SELECT * FROM `zan` WHERE  `man` = '热顿' [ RunTime:0.001377s ]
[ sql ] [ SQL ] SELECT * FROM `zan` WHERE  `man` = '热顿'  AND `uid` = 0 LIMIT 1 [ RunTime:0.001276s ]
[ sql ] [ SQL ] SHOW COLUMNS FROM `look` [ RunTime:0.016720s ]
[ sql ] [ SQL ] SELECT * FROM `look` WHERE  `uid` = 0 LIMIT 1 [ RunTime:0.001220s ]
[ sql ] [ SQL ] SELECT * FROM `look` WHERE  `pid` = 5 [ RunTime:0.001172s ]
[ sql ] [ SQL ] select * from comment inner join `user` on `comment`.`uid` = `user`.`id` where `comment`.`pid`=5 [ RunTime:0.001436s ]

---------------------------------------------------------------
